<?xml version="1.0" encoding="UTF-8"?>
<!-- Generated by org.testng.reporters.JUnitXMLReporter -->
<testsuite hostname="AMIYOABHIRUP" name="Test" tests="3" failures="0" timestamp="13 Nov 2016 12:59:48 GMT" time="40.308" errors="0">
  <testcase name="verify_title" time="0.034" classname="com.learnautomation.testcases.ver_title"/>
  <testcase name="Registration" time="18.575" classname="com.learnautomation.testcases.verify_Registration"/>
  <testcase name="Login" time="0.485" classname="com.learnautomation.testcases.verify_Registration"/>
</testsuite> <!-- Test -->
