<?xml version="1.0" encoding="UTF-8"?>
<testng-results skipped="4" failed="0" total="4" passed="0">
  <reporter-output>
  </reporter-output>
  <suite name="Suite" duration-ms="9266" started-at="2017-02-23T16:32:35Z" finished-at="2017-02-23T16:32:44Z">
    <groups>
    </groups>
    <test name="Test1" duration-ms="9266" started-at="2017-02-23T16:32:35Z" finished-at="2017-02-23T16:32:44Z">
      <class name="com.learnautomation.testcases.verify_Registration_page">
        <test-method status="FAIL" signature="open_browser()[pri:0, instance:com.learnautomation.testcases.verify_Registration_page@cc285f4]" name="open_browser" is-config="true" duration-ms="0" started-at="2017-02-23T22:02:35Z" finished-at="2017-02-23T22:02:35Z">
          <exception class="org.openqa.selenium.WebDriverException">
            <message>
              <![CDATA[chrome not reachable
  (Session info: chrome=56.0.2924.87)
  (Driver info: chromedriver=2.25.426923 (0390b88869384d6eb0d5d09729679f934aab9eed),platform=Windows NT 6.1.7601 SP1 x86_64) (WARNING: The server did not provide any stacktrace information)
Command duration or timeout: 4.08 seconds
Build info: version: '3.0.1', revision: '1969d75', time: '2016-10-18 09:49:13 -0700'
System info: host: 'AMIYOABHIRUP', ip: '192.168.0.102', os.name: 'Windows 7', os.arch: 'amd64', os.version: '6.1', java.version: '1.8.0_20'
Driver info: org.openqa.selenium.chrome.ChromeDriver
Capabilities [{applicationCacheEnabled=false, rotatable=false, mobileEmulationEnabled=false, networkConnectionEnabled=false, chrome={chromedriverVersion=2.25.426923 (0390b88869384d6eb0d5d09729679f934aab9eed), userDataDir=C:\Users\AMIYO_~3\AppData\Local\Temp\scoped_dir2784_7994}, takesHeapSnapshot=true, pageLoadStrategy=normal, databaseEnabled=false, handlesAlerts=true, hasTouchScreen=false, version=56.0.2924.87, platform=XP, browserConnectionEnabled=false, nativeEvents=true, acceptSslCerts=true, locationContextEnabled=true, webStorageEnabled=true, browserName=chrome, takesScreenshot=true, javascriptEnabled=true, cssSelectorsEnabled=true}]
Session ID: f71ef24dd2a328003e4b29c871b5733b]]>
            </message>
            <full-stacktrace>
              <![CDATA[org.openqa.selenium.WebDriverException: chrome not reachable
  (Session info: chrome=56.0.2924.87)
  (Driver info: chromedriver=2.25.426923 (0390b88869384d6eb0d5d09729679f934aab9eed),platform=Windows NT 6.1.7601 SP1 x86_64) (WARNING: The server did not provide any stacktrace information)
Command duration or timeout: 4.08 seconds
Build info: version: '3.0.1', revision: '1969d75', time: '2016-10-18 09:49:13 -0700'
System info: host: 'AMIYOABHIRUP', ip: '192.168.0.102', os.name: 'Windows 7', os.arch: 'amd64', os.version: '6.1', java.version: '1.8.0_20'
Driver info: org.openqa.selenium.chrome.ChromeDriver
Capabilities [{applicationCacheEnabled=false, rotatable=false, mobileEmulationEnabled=false, networkConnectionEnabled=false, chrome={chromedriverVersion=2.25.426923 (0390b88869384d6eb0d5d09729679f934aab9eed), userDataDir=C:\Users\AMIYO_~3\AppData\Local\Temp\scoped_dir2784_7994}, takesHeapSnapshot=true, pageLoadStrategy=normal, databaseEnabled=false, handlesAlerts=true, hasTouchScreen=false, version=56.0.2924.87, platform=XP, browserConnectionEnabled=false, nativeEvents=true, acceptSslCerts=true, locationContextEnabled=true, webStorageEnabled=true, browserName=chrome, takesScreenshot=true, javascriptEnabled=true, cssSelectorsEnabled=true}]
Session ID: f71ef24dd2a328003e4b29c871b5733b
	at sun.reflect.NativeConstructorAccessorImpl.newInstance0(Native Method)
	at sun.reflect.NativeConstructorAccessorImpl.newInstance(Unknown Source)
	at sun.reflect.DelegatingConstructorAccessorImpl.newInstance(Unknown Source)
	at java.lang.reflect.Constructor.newInstance(Unknown Source)
	at org.openqa.selenium.remote.ErrorHandler.createThrowable(ErrorHandler.java:216)
	at org.openqa.selenium.remote.ErrorHandler.throwIfResponseFailed(ErrorHandler.java:168)
	at org.openqa.selenium.remote.RemoteWebDriver.execute(RemoteWebDriver.java:635)
	at org.openqa.selenium.remote.RemoteWebDriver.get(RemoteWebDriver.java:322)
	at base_class.Dynamic_browser.open_browser(Dynamic_browser.java:59)
	at sun.reflect.NativeMethodAccessorImpl.invoke0(Native Method)
	at sun.reflect.NativeMethodAccessorImpl.invoke(Unknown Source)
	at sun.reflect.DelegatingMethodAccessorImpl.invoke(Unknown Source)
	at java.lang.reflect.Method.invoke(Unknown Source)
	at org.testng.internal.MethodInvocationHelper.invokeMethod(MethodInvocationHelper.java:80)
	at org.testng.internal.Invoker.invokeConfigurationMethod(Invoker.java:564)
	at org.testng.internal.Invoker.invokeConfigurations(Invoker.java:213)
	at org.testng.internal.Invoker.invokeConfigurations(Invoker.java:138)
	at org.testng.TestRunner.beforeRun(TestRunner.java:641)
	at org.testng.TestRunner.run(TestRunner.java:609)
	at org.testng.SuiteRunner.runTest(SuiteRunner.java:334)
	at org.testng.SuiteRunner.runSequentially(SuiteRunner.java:329)
	at org.testng.SuiteRunner.privateRun(SuiteRunner.java:291)
	at org.testng.SuiteRunner.run(SuiteRunner.java:240)
	at org.testng.SuiteRunnerWorker.runSuite(SuiteRunnerWorker.java:52)
	at org.testng.SuiteRunnerWorker.run(SuiteRunnerWorker.java:86)
	at org.testng.TestNG.runSuitesSequentially(TestNG.java:1198)
	at org.testng.TestNG.runSuitesLocally(TestNG.java:1123)
	at org.testng.TestNG.run(TestNG.java:1031)
	at org.testng.remote.AbstractRemoteTestNG.run(AbstractRemoteTestNG.java:132)
	at org.testng.remote.RemoteTestNG.initAndRun(RemoteTestNG.java:236)
	at org.testng.remote.RemoteTestNG.main(RemoteTestNG.java:81)
]]>
            </full-stacktrace>
          </exception> <!-- org.openqa.selenium.WebDriverException -->
          <reporter-output>
          </reporter-output>
        </test-method> <!-- open_browser -->
        <test-method status="SKIP" signature="setup()[pri:0, instance:com.learnautomation.testcases.verify_Registration_page@cc285f4]" name="setup" is-config="true" duration-ms="0" started-at="2017-02-23T22:02:44Z" finished-at="2017-02-23T22:02:44Z">
          <reporter-output>
          </reporter-output>
        </test-method> <!-- setup -->
        <test-method status="SKIP" signature="nav_to_Reg()[pri:0, instance:com.learnautomation.testcases.verify_Registration_page@cc285f4]" name="nav_to_Reg" duration-ms="3" started-at="2017-02-23T22:02:44Z" finished-at="2017-02-23T22:02:44Z">
          <reporter-output>
          </reporter-output>
        </test-method> <!-- nav_to_Reg -->
        <test-method status="SKIP" signature="user_Login()[pri:0, instance:com.learnautomation.testcases.verify_Registration_page@cc285f4]" name="user_Login" duration-ms="1" started-at="2017-02-23T22:02:44Z" finished-at="2017-02-23T22:02:44Z">
          <reporter-output>
          </reporter-output>
        </test-method> <!-- user_Login -->
        <test-method status="SKIP" signature="Index_Assignment1_count_no_of_box()[pri:0, instance:com.learnautomation.testcases.verify_Registration_page@cc285f4]" name="Index_Assignment1_count_no_of_box" duration-ms="1" started-at="2017-02-23T22:02:44Z" finished-at="2017-02-23T22:02:44Z">
          <reporter-output>
          </reporter-output>
        </test-method> <!-- Index_Assignment1_count_no_of_box -->
        <test-method status="SKIP" signature="Index_Assignment2()[pri:0, instance:com.learnautomation.testcases.verify_Registration_page@cc285f4]" name="Index_Assignment2" duration-ms="3" started-at="2017-02-23T22:02:44Z" finished-at="2017-02-23T22:02:44Z">
          <reporter-output>
          </reporter-output>
        </test-method> <!-- Index_Assignment2 -->
        <test-method status="SKIP" signature="close_browser()[pri:0, instance:com.learnautomation.testcases.verify_Registration_page@cc285f4]" name="close_browser" is-config="true" duration-ms="0" started-at="2017-02-23T22:02:44Z" finished-at="2017-02-23T22:02:44Z">
          <reporter-output>
          </reporter-output>
        </test-method> <!-- close_browser -->
      </class> <!-- com.learnautomation.testcases.verify_Registration_page -->
    </test> <!-- Test1 -->
  </suite> <!-- Suite -->
</testng-results>
