<?xml version="1.0" encoding="UTF-8"?>
<testng-results skipped="0" failed="0" total="3" passed="3">
  <reporter-output>
  </reporter-output>
  <suite name="Suite" duration-ms="40308" started-at="2016-11-13T12:59:07Z" finished-at="2016-11-13T12:59:48Z">
    <groups>
    </groups>
    <test name="Test" duration-ms="40308" started-at="2016-11-13T12:59:07Z" finished-at="2016-11-13T12:59:48Z">
      <class name="com.learnautomation.testcases.verify_Registration">
        <test-method status="PASS" signature="open_browser()[pri:0, instance:com.learnautomation.testcases.verify_Registration@bd1b6a]" name="open_browser" is-config="true" duration-ms="7116" started-at="2016-11-13T18:29:19Z" finished-at="2016-11-13T18:29:26Z">
          <reporter-output>
          </reporter-output>
        </test-method> <!-- open_browser -->
        <test-method status="PASS" signature="Registration()[pri:0, instance:com.learnautomation.testcases.verify_Registration@bd1b6a]" name="Registration" duration-ms="18575" started-at="2016-11-13T18:29:26Z" finished-at="2016-11-13T18:29:45Z">
          <reporter-output>
          </reporter-output>
        </test-method> <!-- Registration -->
        <test-method status="PASS" signature="setup()[pri:0, instance:com.learnautomation.testcases.verify_Registration@bd1b6a]" name="setup" is-config="true" duration-ms="0" started-at="2016-11-13T18:29:26Z" finished-at="2016-11-13T18:29:26Z">
          <reporter-output>
          </reporter-output>
        </test-method> <!-- setup -->
        <test-method status="PASS" signature="Login()[pri:0, instance:com.learnautomation.testcases.verify_Registration@bd1b6a]" name="Login" duration-ms="485" started-at="2016-11-13T18:29:45Z" finished-at="2016-11-13T18:29:45Z">
          <reporter-output>
          </reporter-output>
        </test-method> <!-- Login -->
        <test-method status="PASS" signature="close_browser()[pri:0, instance:com.learnautomation.testcases.verify_Registration@bd1b6a]" name="close_browser" is-config="true" duration-ms="2331" started-at="2016-11-13T18:29:45Z" finished-at="2016-11-13T18:29:48Z">
          <reporter-output>
          </reporter-output>
        </test-method> <!-- close_browser -->
      </class> <!-- com.learnautomation.testcases.verify_Registration -->
      <class name="com.learnautomation.testcases.ver_title">
        <test-method status="PASS" signature="open_browser()[pri:0, instance:com.learnautomation.testcases.ver_title@1774679]" name="open_browser" is-config="true" duration-ms="8220" started-at="2016-11-13T18:29:07Z" finished-at="2016-11-13T18:29:16Z">
          <reporter-output>
          </reporter-output>
        </test-method> <!-- open_browser -->
        <test-method status="PASS" signature="setup()[pri:0, instance:com.learnautomation.testcases.ver_title@1774679]" name="setup" is-config="true" duration-ms="0" started-at="2016-11-13T18:29:16Z" finished-at="2016-11-13T18:29:16Z">
          <reporter-output>
          </reporter-output>
        </test-method> <!-- setup -->
        <test-method status="PASS" signature="verify_title()[pri:0, instance:com.learnautomation.testcases.ver_title@1774679]" name="verify_title" duration-ms="34" started-at="2016-11-13T18:29:16Z" finished-at="2016-11-13T18:29:16Z">
          <reporter-output>
          </reporter-output>
        </test-method> <!-- verify_title -->
        <test-method status="PASS" signature="close_browser()[pri:0, instance:com.learnautomation.testcases.ver_title@1774679]" name="close_browser" is-config="true" duration-ms="3516" started-at="2016-11-13T18:29:16Z" finished-at="2016-11-13T18:29:19Z">
          <reporter-output>
          </reporter-output>
        </test-method> <!-- close_browser -->
      </class> <!-- com.learnautomation.testcases.ver_title -->
    </test> <!-- Test -->
  </suite> <!-- Suite -->
</testng-results>
